<?xml version="1.0" encoding="UTF-8"?>
<!-- Generated by org.testng.reporters.JUnitXMLReporter -->
<testsuite ignored="0" hostname="LAPTOP-045AM8D9" failures="1" tests="4" name="Test-Results-Demo" time="48.264" errors="0" timestamp="2024-09-13T08:59:47 WIB">
  <testcase classname="com.juaracoding.Tokopedia_Selenium.impl.LoginNegativeSteps" name="LoginNegative_Invalid_Password" time="9.046"/>
  <testcase classname="com.juaracoding.Tokopedia_Selenium.impl.SearchProductNegativeSteps" name="Search_Positive_Products" time="3.423"/>
  <testcase classname="com.juaracoding.Tokopedia_Selenium.impl.SearchProductPositiveSteps" name="Search_Positive_Products" time="3.425"/>
  <testcase classname="com.juaracoding.Tokopedia_Selenium.impl.SearchProductPositiveSteps" name="Search_Positive_Products" time="3.414">
    <failure type="java.lang.AssertionError" message="expected [true] but found [false]">
      <![CDATA[java.lang.AssertionError: expected [true] but found [false]
at com.juaracoding.Tokopedia_Selenium.impl.SearchProductPositiveSteps.Search_Positive_Products(SearchPositiveSteps.java:49)
at java.base/java.util.ArrayList.forEach(ArrayList.java:1511)
at com.juaracoding.Tokopedia_Selenium.Main.main(Main.java:34)
... Removed 31 stack frames]]>
    </failure>
  </testcase> <!-- Search_Positive_Products -->
</testsuite> <!-- Test-Results-Demo -->
